This program will run for two days.
It saves a xml file every 15 minutes.
A dot prints every 30 seconds
Starting now.

Writing to: webXml2017-11-13 10:32:02.xml now...
Done writing to webXml2017-11-13 10:32:02.xml

Writing to: webXml2017-11-13 10:47:03.xml now...
Done writing to webXml2017-11-13 10:47:03.xml

Writing to: webXml2017-11-13 11:02:05.xml now...
Done writing to webXml2017-11-13 11:02:05.xml

Writing to: webXml2017-11-13 11:17:07.xml now...
Done writing to webXml2017-11-13 11:17:07.xml

Writing to: webXml2017-11-13 11:32:09.xml now...
Done writing to webXml2017-11-13 11:32:09.xml

Writing to: webXml2017-11-13 11:47:10.xml now...
Done writing to webXml2017-11-13 11:47:10.xml

Writing to: webXml2017-11-13 12:02:02.xml now...
Done writing to webXml2017-11-13 12:02:02.xml

Writing to: webXml2017-11-13 12:17:03.xml now...
Done writing to webXml2017-11-13 12:17:03.xml

Writing to: webXml2017-11-13 12:32:02.xml now...
Done writing to webXml2017-11-13 12:32:02.xml

Writing to: webXml2017-11-13 12:47:04.xml now...
Done writing to webXml2017-11-13 12:47:04.xml

Writing to: webXml2017-11-13 13:02:05.xml now...
Done writing to webXml2017-11-13 13:02:05.xml

Writing to: webXml2017-11-13 13:17:07.xml now...
Done writing to webXml2017-11-13 13:17:07.xml

Writing to: webXml2017-11-13 13:32:07.xml now...
Done writing to webXml2017-11-13 13:32:07.xml

Writing to: webXml2017-11-13 13:47:09.xml now...
Done writing to webXml2017-11-13 13:47:09.xml

Writing to: webXml2017-11-13 14:02:10.xml now...
Done writing to webXml2017-11-13 14:02:10.xml

Writing to: webXml2017-11-13 14:17:02.xml now...
Done writing to webXml2017-11-13 14:17:02.xml

Writing to: webXml2017-11-13 14:32:05.xml now...
Done writing to webXml2017-11-13 14:32:05.xml

Writing to: webXml2017-11-13 14:47:10.xml now...
Done writing to webXml2017-11-13 14:47:10.xml

Writing to: webXml2017-11-13 15:02:02.xml now...
Done writing to webXml2017-11-13 15:02:02.xml

Writing to: webXml2017-11-13 15:17:03.xml now...
Done writing to webXml2017-11-13 15:17:03.xml

Writing to: webXml2017-11-13 15:32:07.xml now...
Done writing to webXml2017-11-13 15:32:07.xml

Writing to: webXml2017-11-13 15:47:02.xml now...
Done writing to webXml2017-11-13 15:47:02.xml

Writing to: webXml2017-11-13 16:02:04.xml now...
Done writing to webXml2017-11-13 16:02:04.xml

Writing to: webXml2017-11-13 16:17:09.xml now...
Done writing to webXml2017-11-13 16:17:09.xml

Writing to: webXml2017-11-13 16:32:11.xml now...
Done writing to webXml2017-11-13 16:32:11.xml

Writing to: webXml2017-11-13 16:47:06.xml now...
Done writing to webXml2017-11-13 16:47:06.xml

Writing to: webXml2017-11-13 17:02:08.xml now...
Done writing to webXml2017-11-13 17:02:08.xml

Writing to: webXml2017-11-13 17:17:11.xml now...
Done writing to webXml2017-11-13 17:17:11.xml

Writing to: webXml2017-11-13 17:32:02.xml now...
Done writing to webXml2017-11-13 17:32:02.xml

Writing to: webXml2017-11-13 17:47:08.xml now...
Done writing to webXml2017-11-13 17:47:08.xml

Writing to: webXml2017-11-13 18:02:10.xml now...
Done writing to webXml2017-11-13 18:02:10.xml

Writing to: webXml2017-11-13 18:17:11.xml now...
Done writing to webXml2017-11-13 18:17:11.xml

Writing to: webXml2017-11-13 18:32:03.xml now...
Done writing to webXml2017-11-13 18:32:03.xml

Writing to: webXml2017-11-13 18:47:05.xml now...
Done writing to webXml2017-11-13 18:47:05.xml

Writing to: webXml2017-11-13 19:02:06.xml now...
Done writing to webXml2017-11-13 19:02:06.xml

Writing to: webXml2017-11-13 19:17:08.xml now...
Done writing to webXml2017-11-13 19:17:08.xml

Writing to: webXml2017-11-13 19:32:10.xml now...
Done writing to webXml2017-11-13 19:32:10.xml

Writing to: webXml2017-11-13 19:47:02.xml now...
Done writing to webXml2017-11-13 19:47:02.xml

Writing to: webXml2017-11-13 20:02:04.xml now...
Done writing to webXml2017-11-13 20:02:04.xml

Writing to: webXml2017-11-13 20:17:06.xml now...
Done writing to webXml2017-11-13 20:17:06.xml

Writing to: webXml2017-11-13 20:32:09.xml now...
Done writing to webXml2017-11-13 20:32:09.xml

Writing to: webXml2017-11-13 20:47:03.xml now...
Done writing to webXml2017-11-13 20:47:03.xml

Writing to: webXml2017-11-13 21:02:05.xml now...
Done writing to webXml2017-11-13 21:02:05.xml

Writing to: webXml2017-11-13 21:17:10.xml now...
Done writing to webXml2017-11-13 21:17:10.xml

Writing to: webXml2017-11-13 21:32:09.xml now...
Done writing to webXml2017-11-13 21:32:09.xml

Writing to: webXml2017-11-13 21:47:11.xml now...
Done writing to webXml2017-11-13 21:47:11.xml

Writing to: webXml2017-11-13 22:02:03.xml now...
Done writing to webXml2017-11-13 22:02:03.xml

Writing to: webXml2017-11-13 22:17:05.xml now...
Done writing to webXml2017-11-13 22:17:05.xml

Writing to: webXml2017-11-13 22:32:07.xml now...
Done writing to webXml2017-11-13 22:32:07.xml

Writing to: webXml2017-11-13 22:47:09.xml now...
Done writing to webXml2017-11-13 22:47:09.xml

Writing to: webXml2017-11-13 23:02:11.xml now...
Done writing to webXml2017-11-13 23:02:11.xml

Writing to: webXml2017-11-13 23:17:05.xml now...
Done writing to webXml2017-11-13 23:17:05.xml

Writing to: webXml2017-11-13 23:32:09.xml now...
Done writing to webXml2017-11-13 23:32:09.xml

Writing to: webXml2017-11-13 23:47:11.xml now...
Done writing to webXml2017-11-13 23:47:11.xml

Writing to: webXml2017-11-14 00:02:04.xml now...
Done writing to webXml2017-11-14 00:02:04.xml

Writing to: webXml2017-11-14 00:17:06.xml now...
Done writing to webXml2017-11-14 00:17:06.xml

Writing to: webXml2017-11-14 00:32:07.xml now...
Done writing to webXml2017-11-14 00:32:07.xml

Writing to: webXml2017-11-14 00:47:09.xml now...
Done writing to webXml2017-11-14 00:47:09.xml

Writing to: webXml2017-11-14 01:02:10.xml now...
Done writing to webXml2017-11-14 01:02:10.xml

Writing to: webXml2017-11-14 01:17:02.xml now...
Done writing to webXml2017-11-14 01:17:02.xml

Writing to: webXml2017-11-14 01:32:03.xml now...
Done writing to webXml2017-11-14 01:32:03.xml

Writing to: webXml2017-11-14 01:47:07.xml now...
Done writing to webXml2017-11-14 01:47:07.xml

Writing to: webXml2017-11-14 02:02:09.xml now...
Done writing to webXml2017-11-14 02:02:09.xml

Writing to: webXml2017-11-14 02:17:04.xml now...
Done writing to webXml2017-11-14 02:17:04.xml

Writing to: webXml2017-11-14 02:32:05.xml now...
Done writing to webXml2017-11-14 02:32:05.xml

Writing to: webXml2017-11-14 02:47:06.xml now...
Done writing to webXml2017-11-14 02:47:06.xml

Writing to: webXml2017-11-14 03:02:08.xml now...
Done writing to webXml2017-11-14 03:02:08.xml

Writing to: webXml2017-11-14 03:17:04.xml now...
Done writing to webXml2017-11-14 03:17:04.xml

Writing to: webXml2017-11-14 03:32:06.xml now...
Done writing to webXml2017-11-14 03:32:06.xml

Writing to: webXml2017-11-14 03:47:10.xml now...
Done writing to webXml2017-11-14 03:47:10.xml

Writing to: webXml2017-11-14 04:02:02.xml now...
Done writing to webXml2017-11-14 04:02:02.xml

Writing to: webXml2017-11-14 04:17:03.xml now...
Done writing to webXml2017-11-14 04:17:03.xml

Writing to: webXml2017-11-14 04:32:05.xml now...
Done writing to webXml2017-11-14 04:32:05.xml

Writing to: webXml2017-11-14 04:47:08.xml now...
Done writing to webXml2017-11-14 04:47:08.xml

Writing to: webXml2017-11-14 05:02:10.xml now...
Done writing to webXml2017-11-14 05:02:10.xml

Writing to: webXml2017-11-14 05:17:12.xml now...
Done writing to webXml2017-11-14 05:17:12.xml

Writing to: webXml2017-11-14 05:32:03.xml now...
Done writing to webXml2017-11-14 05:32:03.xml

Writing to: webXml2017-11-14 05:47:05.xml now...
Done writing to webXml2017-11-14 05:47:05.xml

Writing to: webXml2017-11-14 06:02:06.xml now...
Done writing to webXml2017-11-14 06:02:06.xml

Writing to: webXml2017-11-14 06:17:11.xml now...
Done writing to webXml2017-11-14 06:17:11.xml

Writing to: webXml2017-11-14 06:32:02.xml now...
Done writing to webXml2017-11-14 06:32:02.xml

Writing to: webXml2017-11-14 06:47:04.xml now...
Done writing to webXml2017-11-14 06:47:04.xml

Writing to: webXml2017-11-14 07:02:05.xml now...
Done writing to webXml2017-11-14 07:02:05.xml

Writing to: webXml2017-11-14 07:17:03.xml now...
Done writing to webXml2017-11-14 07:17:03.xml

Writing to: webXml2017-11-14 07:32:04.xml now...
Done writing to webXml2017-11-14 07:32:04.xml

Writing to: webXml2017-11-14 07:47:06.xml now...
Done writing to webXml2017-11-14 07:47:06.xml

Writing to: webXml2017-11-14 08:02:07.xml now...
Done writing to webXml2017-11-14 08:02:07.xml

Writing to: webXml2017-11-14 08:17:03.xml now...
Done writing to webXml2017-11-14 08:17:03.xml

Writing to: webXml2017-11-14 08:32:08.xml now...
Done writing to webXml2017-11-14 08:32:08.xml

Writing to: webXml2017-11-14 08:47:02.xml now...
Done writing to webXml2017-11-14 08:47:02.xml

Writing to: webXml2017-11-14 09:02:03.xml now...
Done writing to webXml2017-11-14 09:02:03.xml

Writing to: webXml2017-11-14 09:17:05.xml now...
Done writing to webXml2017-11-14 09:17:05.xml

Writing to: webXml2017-11-14 09:32:06.xml now...
Done writing to webXml2017-11-14 09:32:06.xml

Writing to: webXml2017-11-14 09:47:05.xml now...
Done writing to webXml2017-11-14 09:47:05.xml

Writing to: webXml2017-11-14 10:02:06.xml now...
Done writing to webXml2017-11-14 10:02:06.xml

Writing to: webXml2017-11-14 10:17:09.xml now...
Done writing to webXml2017-11-14 10:17:09.xml

Writing to: webXml2017-11-14 10:32:10.xml now...
Done writing to webXml2017-11-14 10:32:10.xml

Writing to: webXml2017-11-14 10:47:02.xml now...
Done writing to webXml2017-11-14 10:47:02.xml

Writing to: webXml2017-11-14 11:02:03.xml now...
Done writing to webXml2017-11-14 11:02:03.xml

Writing to: webXml2017-11-14 11:17:06.xml now...
Done writing to webXml2017-11-14 11:17:06.xml

Writing to: webXml2017-11-14 11:32:07.xml now...
Done writing to webXml2017-11-14 11:32:07.xml

Writing to: webXml2017-11-14 11:47:09.xml now...
Done writing to webXml2017-11-14 11:47:09.xml

Writing to: webXml2017-11-14 12:02:10.xml now...
Done writing to webXml2017-11-14 12:02:10.xml

Writing to: webXml2017-11-14 12:17:12.xml now...
Done writing to webXml2017-11-14 12:17:12.xml

Writing to: webXml2017-11-14 12:32:04.xml now...
Done writing to webXml2017-11-14 12:32:04.xml

Writing to: webXml2017-11-14 12:47:06.xml now...
Done writing to webXml2017-11-14 12:47:06.xml

Writing to: webXml2017-11-14 13:02:08.xml now...
Done writing to webXml2017-11-14 13:02:08.xml

Writing to: webXml2017-11-14 13:17:05.xml now...
Done writing to webXml2017-11-14 13:17:05.xml

Writing to: webXml2017-11-14 13:32:08.xml now...
Done writing to webXml2017-11-14 13:32:08.xml

Writing to: webXml2017-11-14 13:47:05.xml now...
Done writing to webXml2017-11-14 13:47:05.xml

Writing to: webXml2017-11-14 14:02:07.xml now...
Done writing to webXml2017-11-14 14:02:07.xml

Writing to: webXml2017-11-14 14:17:10.xml now...
Done writing to webXml2017-11-14 14:17:10.xml

Writing to: webXml2017-11-14 14:32:02.xml now...
Done writing to webXml2017-11-14 14:32:02.xml

Writing to: webXml2017-11-14 14:47:03.xml now...
Done writing to webXml2017-11-14 14:47:03.xml

Writing to: webXml2017-11-14 15:02:05.xml now...
Done writing to webXml2017-11-14 15:02:05.xml

Writing to: webXml2017-11-14 15:17:06.xml now...
Done writing to webXml2017-11-14 15:17:06.xml

Writing to: webXml2017-11-14 15:32:08.xml now...
Done writing to webXml2017-11-14 15:32:08.xml

Writing to: webXml2017-11-14 15:47:09.xml now...
Done writing to webXml2017-11-14 15:47:09.xml

Writing to: webXml2017-11-14 16:02:11.xml now...
Done writing to webXml2017-11-14 16:02:11.xml

Writing to: webXml2017-11-14 16:17:05.xml now...
Done writing to webXml2017-11-14 16:17:05.xml

Writing to: webXml2017-11-14 16:32:07.xml now...
Done writing to webXml2017-11-14 16:32:07.xml

Writing to: webXml2017-11-14 16:47:10.xml now...
Done writing to webXml2017-11-14 16:47:10.xml

Writing to: webXml2017-11-14 17:02:02.xml now...
Done writing to webXml2017-11-14 17:02:02.xml

Writing to: webXml2017-11-14 17:17:02.xml now...
Done writing to webXml2017-11-14 17:17:02.xml

Writing to: webXml2017-11-14 17:32:03.xml now...
Done writing to webXml2017-11-14 17:32:03.xml

Writing to: webXml2017-11-14 17:47:05.xml now...
Done writing to webXml2017-11-14 17:47:05.xml

Writing to: webXml2017-11-14 18:02:06.xml now...
Done writing to webXml2017-11-14 18:02:06.xml

Writing to: webXml2017-11-14 18:17:11.xml now...
Done writing to webXml2017-11-14 18:17:11.xml

Writing to: webXml2017-11-14 18:32:03.xml now...
Done writing to webXml2017-11-14 18:32:03.xml

Writing to: webXml2017-11-14 18:47:06.xml now...
Done writing to webXml2017-11-14 18:47:06.xml

Writing to: webXml2017-11-14 19:02:07.xml now...
Done writing to webXml2017-11-14 19:02:07.xml

Writing to: webXml2017-11-14 19:17:09.xml now...
Done writing to webXml2017-11-14 19:17:09.xml

Writing to: webXml2017-11-14 19:32:03.xml now...
Done writing to webXml2017-11-14 19:32:03.xml

Writing to: webXml2017-11-14 19:47:06.xml now...
Done writing to webXml2017-11-14 19:47:06.xml

Writing to: webXml2017-11-14 20:02:07.xml now...
Done writing to webXml2017-11-14 20:02:07.xml

Writing to: webXml2017-11-14 20:17:08.xml now...
Done writing to webXml2017-11-14 20:17:08.xml

Writing to: webXml2017-11-14 20:32:04.xml now...
Done writing to webXml2017-11-14 20:32:04.xml

Writing to: webXml2017-11-14 20:47:03.xml now...
Done writing to webXml2017-11-14 20:47:03.xml

Writing to: webXml2017-11-14 21:02:04.xml now...
Done writing to webXml2017-11-14 21:02:04.xml

Writing to: webXml2017-11-14 21:17:06.xml now...
Done writing to webXml2017-11-14 21:17:06.xml

Writing to: webXml2017-11-14 21:32:08.xml now...
Done writing to webXml2017-11-14 21:32:08.xml

Writing to: webXml2017-11-14 21:47:09.xml now...
Done writing to webXml2017-11-14 21:47:09.xml

Writing to: webXml2017-11-14 22:02:11.xml now...
Done writing to webXml2017-11-14 22:02:11.xml

Writing to: webXml2017-11-14 22:17:02.xml now...
Done writing to webXml2017-11-14 22:17:02.xml

Writing to: webXml2017-11-14 22:32:05.xml now...
Done writing to webXml2017-11-14 22:32:05.xml

Writing to: webXml2017-11-14 22:47:07.xml now...
Done writing to webXml2017-11-14 22:47:07.xml

Writing to: webXml2017-11-14 23:02:09.xml now...
Done writing to webXml2017-11-14 23:02:09.xml

Writing to: webXml2017-11-14 23:17:03.xml now...
Done writing to webXml2017-11-14 23:17:03.xml

Writing to: webXml2017-11-14 23:32:09.xml now...
Done writing to webXml2017-11-14 23:32:09.xml

Writing to: webXml2017-11-14 23:47:02.xml now...
Done writing to webXml2017-11-14 23:47:02.xml

Writing to: webXml2017-11-15 00:02:07.xml now...
Done writing to webXml2017-11-15 00:02:07.xml

Writing to: webXml2017-11-15 00:17:09.xml now...
Done writing to webXml2017-11-15 00:17:09.xml

Writing to: webXml2017-11-15 00:32:11.xml now...
Done writing to webXml2017-11-15 00:32:11.xml

Writing to: webXml2017-11-15 00:47:02.xml now...
Done writing to webXml2017-11-15 00:47:02.xml

Writing to: webXml2017-11-15 01:02:03.xml now...
Done writing to webXml2017-11-15 01:02:03.xml

Writing to: webXml2017-11-15 01:17:05.xml now...
Done writing to webXml2017-11-15 01:17:05.xml

Writing to: webXml2017-11-15 01:32:07.xml now...
Done writing to webXml2017-11-15 01:32:07.xml

Writing to: webXml2017-11-15 01:47:08.xml now...
Done writing to webXml2017-11-15 01:47:08.xml

Writing to: webXml2017-11-15 02:02:10.xml now...
Done writing to webXml2017-11-15 02:02:10.xml

Writing to: webXml2017-11-15 02:17:11.xml now...
Done writing to webXml2017-11-15 02:17:11.xml

Writing to: webXml2017-11-15 02:32:03.xml now...
Done writing to webXml2017-11-15 02:32:03.xml

Writing to: webXml2017-11-15 02:47:04.xml now...
Done writing to webXml2017-11-15 02:47:04.xml

Writing to: webXml2017-11-15 03:02:06.xml now...
Done writing to webXml2017-11-15 03:02:06.xml

Writing to: webXml2017-11-15 03:17:10.xml now...
Done writing to webXml2017-11-15 03:17:10.xml

Writing to: webXml2017-11-15 03:32:11.xml now...
Done writing to webXml2017-11-15 03:32:11.xml

Writing to: webXml2017-11-15 03:47:03.xml now...
Done writing to webXml2017-11-15 03:47:03.xml

Writing to: webXml2017-11-15 04:02:04.xml now...
Done writing to webXml2017-11-15 04:02:04.xml

Writing to: webXml2017-11-15 04:17:06.xml now...
Done writing to webXml2017-11-15 04:17:06.xml

Writing to: webXml2017-11-15 04:32:02.xml now...
Done writing to webXml2017-11-15 04:32:02.xml

Writing to: webXml2017-11-15 04:47:04.xml now...
Done writing to webXml2017-11-15 04:47:04.xml

Writing to: webXml2017-11-15 05:02:05.xml now...
Done writing to webXml2017-11-15 05:02:05.xml

Writing to: webXml2017-11-15 05:17:10.xml now...
Done writing to webXml2017-11-15 05:17:10.xml

Writing to: webXml2017-11-15 05:32:04.xml now...
Done writing to webXml2017-11-15 05:32:04.xml

Writing to: webXml2017-11-15 05:47:08.xml now...
Done writing to webXml2017-11-15 05:47:08.xml

Writing to: webXml2017-11-15 06:02:09.xml now...
Done writing to webXml2017-11-15 06:02:09.xml

Writing to: webXml2017-11-15 06:17:02.xml now...
Done writing to webXml2017-11-15 06:17:02.xml

Writing to: webXml2017-11-15 06:32:05.xml now...
Done writing to webXml2017-11-15 06:32:05.xml

Writing to: webXml2017-11-15 06:47:03.xml now...
Done writing to webXml2017-11-15 06:47:03.xml

Writing to: webXml2017-11-15 07:02:05.xml now...
Done writing to webXml2017-11-15 07:02:05.xml

Writing to: webXml2017-11-15 07:17:07.xml now...
Done writing to webXml2017-11-15 07:17:07.xml

Writing to: webXml2017-11-15 07:32:10.xml now...
Done writing to webXml2017-11-15 07:32:10.xml

Writing to: webXml2017-11-15 07:47:12.xml now...
Done writing to webXml2017-11-15 07:47:12.xml

Writing to: webXml2017-11-15 08:02:03.xml now...
Done writing to webXml2017-11-15 08:02:03.xml

Writing to: webXml2017-11-15 08:17:10.xml now...
Done writing to webXml2017-11-15 08:17:10.xml

Writing to: webXml2017-11-15 08:32:06.xml now...
Done writing to webXml2017-11-15 08:32:06.xml

Writing to: webXml2017-11-15 08:47:06.xml now...
Done writing to webXml2017-11-15 08:47:06.xml

Writing to: webXml2017-11-15 09:02:08.xml now...
Done writing to webXml2017-11-15 09:02:08.xml

Writing to: webXml2017-11-15 09:17:04.xml now...
Done writing to webXml2017-11-15 09:17:04.xml

Writing to: webXml2017-11-15 09:32:09.xml now...
Done writing to webXml2017-11-15 09:32:09.xml

Writing to: webXml2017-11-15 09:47:11.xml now...
Done writing to webXml2017-11-15 09:47:11.xml

Writing to: webXml2017-11-15 10:02:02.xml now...
Done writing to webXml2017-11-15 10:02:02.xml

Writing to: webXml2017-11-15 10:17:05.xml now...
Done writing to webXml2017-11-15 10:17:05.xml

Writing to: webXml2017-11-15 10:32:07.xml now...
Done writing to webXml2017-11-15 10:32:07.xml

Writing to: webXml2017-11-15 10:47:04.xml now...
Done writing to webXml2017-11-15 10:47:04.xml

Writing to: webXml2017-11-15 11:02:06.xml now...
Done writing to webXml2017-11-15 11:02:06.xml

Writing to: webXml2017-11-15 11:17:09.xml now...
Done writing to webXml2017-11-15 11:17:09.xml

Writing to: webXml2017-11-15 11:32:11.xml now...
Done writing to webXml2017-11-15 11:32:11.xml

Writing to: webXml2017-11-15 11:47:03.xml now...
Done writing to webXml2017-11-15 11:47:03.xml

Writing to: webXml2017-11-15 12:02:04.xml now...
Done writing to webXml2017-11-15 12:02:04.xml

Writing to: webXml2017-11-15 12:17:04.xml now...
Done writing to webXml2017-11-15 12:17:04.xml

Writing to: webXml2017-11-15 12:32:05.xml now...
Done writing to webXml2017-11-15 12:32:05.xml

Writing to: webXml2017-11-15 12:47:11.xml now...
Done writing to webXml2017-11-15 12:47:11.xml

Writing to: webXml2017-11-15 13:02:03.xml now...
Done writing to webXml2017-11-15 13:02:03.xml

Writing to: webXml2017-11-15 13:17:05.xml now...
Done writing to webXml2017-11-15 13:17:05.xml

Writing to: webXml2017-11-15 13:32:08.xml now...
Done writing to webXml2017-11-15 13:32:08.xml

Writing to: webXml2017-11-15 13:47:03.xml now...
Done writing to webXml2017-11-15 13:47:03.xml

Writing to: webXml2017-11-15 14:02:05.xml now...
Done writing to webXml2017-11-15 14:02:05.xml

Writing to: webXml2017-11-15 14:17:06.xml now...
Done writing to webXml2017-11-15 14:17:06.xml

Writing to: webXml2017-11-15 14:32:10.xml now...
Done writing to webXml2017-11-15 14:32:10.xml

Writing to: webXml2017-11-15 14:47:09.xml now...
Done writing to webXml2017-11-15 14:47:09.xml

Writing to: webXml2017-11-15 15:02:10.xml now...
Done writing to webXml2017-11-15 15:02:10.xml

Writing to: webXml2017-11-15 15:17:07.xml now...
Done writing to webXml2017-11-15 15:17:07.xml

Writing to: webXml2017-11-15 15:32:09.xml now...
Done writing to webXml2017-11-15 15:32:09.xml

Writing to: webXml2017-11-15 15:47:04.xml now...
Done writing to webXml2017-11-15 15:47:04.xml

Writing to: webXml2017-11-15 16:02:06.xml now...
Done writing to webXml2017-11-15 16:02:06.xml

Writing to: webXml2017-11-15 16:17:09.xml now...
Done writing to webXml2017-11-15 16:17:09.xml

Writing to: webXml2017-11-15 16:32:10.xml now...
Done writing to webXml2017-11-15 16:32:10.xml

Writing to: webXml2017-11-15 16:47:05.xml now...
Done writing to webXml2017-11-15 16:47:05.xml

Writing to: webXml2017-11-15 17:02:07.xml now...
Done writing to webXml2017-11-15 17:02:07.xml

Writing to: webXml2017-11-15 17:17:05.xml now...
Done writing to webXml2017-11-15 17:17:05.xml

Writing to: webXml2017-11-15 17:32:02.xml now...
Done writing to webXml2017-11-15 17:32:02.xml

Writing to: webXml2017-11-15 17:47:12.xml now...
Done writing to webXml2017-11-15 17:47:12.xml

Writing to: webXml2017-11-15 18:02:03.xml now...
Done writing to webXml2017-11-15 18:02:03.xml

Writing to: webXml2017-11-15 18:17:05.xml now...
Done writing to webXml2017-11-15 18:17:05.xml

Writing to: webXml2017-11-15 18:32:02.xml now...
Done writing to webXml2017-11-15 18:32:02.xml

Writing to: webXml2017-11-15 18:47:06.xml now...
Done writing to webXml2017-11-15 18:47:06.xml

Writing to: webXml2017-11-15 19:02:11.xml now...
Done writing to webXml2017-11-15 19:02:11.xml

Writing to: webXml2017-11-15 19:17:09.xml now...
Done writing to webXml2017-11-15 19:17:09.xml

Writing to: webXml2017-11-15 19:32:11.xml now...
Done writing to webXml2017-11-15 19:32:11.xml

Writing to: webXml2017-11-15 19:47:03.xml now...
Done writing to webXml2017-11-15 19:47:03.xml

Writing to: webXml2017-11-15 20:02:06.xml now...
Done writing to webXml2017-11-15 20:02:06.xml

Writing to: webXml2017-11-15 20:17:02.xml now...
Done writing to webXml2017-11-15 20:17:02.xml

Writing to: webXml2017-11-15 20:32:11.xml now...
Done writing to webXml2017-11-15 20:32:11.xml

Writing to: webXml2017-11-15 20:47:03.xml now...
Done writing to webXml2017-11-15 20:47:03.xml

Writing to: webXml2017-11-15 21:02:05.xml now...
Done writing to webXml2017-11-15 21:02:05.xml

Writing to: webXml2017-11-15 21:17:06.xml now...
Done writing to webXml2017-11-15 21:17:06.xml

Writing to: webXml2017-11-15 21:32:08.xml now...
Done writing to webXml2017-11-15 21:32:08.xml

Writing to: webXml2017-11-15 21:47:11.xml now...
Done writing to webXml2017-11-15 21:47:11.xml

Writing to: webXml2017-11-15 22:02:03.xml now...
Done writing to webXml2017-11-15 22:02:03.xml

Writing to: webXml2017-11-15 22:17:06.xml now...
Done writing to webXml2017-11-15 22:17:06.xml

Writing to: webXml2017-11-15 22:32:08.xml now...
Done writing to webXml2017-11-15 22:32:08.xml

Writing to: webXml2017-11-15 22:47:11.xml now...
Done writing to webXml2017-11-15 22:47:11.xml

Writing to: webXml2017-11-15 23:02:02.xml now...
Done writing to webXml2017-11-15 23:02:02.xml

Writing to: webXml2017-11-15 23:17:09.xml now...
Done writing to webXml2017-11-15 23:17:09.xml

Writing to: webXml2017-11-15 23:32:11.xml now...
Done writing to webXml2017-11-15 23:32:11.xml

Writing to: webXml2017-11-15 23:47:03.xml now...
Done writing to webXml2017-11-15 23:47:03.xml

Writing to: webXml2017-11-16 00:02:04.xml now...
Done writing to webXml2017-11-16 00:02:04.xml

Writing to: webXml2017-11-16 00:17:06.xml now...
Done writing to webXml2017-11-16 00:17:06.xml

Writing to: webXml2017-11-16 00:32:08.xml now...
Done writing to webXml2017-11-16 00:32:08.xml

Writing to: webXml2017-11-16 00:47:05.xml now...
Done writing to webXml2017-11-16 00:47:05.xml

Writing to: webXml2017-11-16 01:02:06.xml now...
Done writing to webXml2017-11-16 01:02:06.xml

Writing to: webXml2017-11-16 01:17:10.xml now...
Done writing to webXml2017-11-16 01:17:10.xml

Writing to: webXml2017-11-16 01:32:06.xml now...
Done writing to webXml2017-11-16 01:32:06.xml

Writing to: webXml2017-11-16 01:47:09.xml now...
Done writing to webXml2017-11-16 01:47:09.xml

Writing to: webXml2017-11-16 02:02:11.xml now...
Done writing to webXml2017-11-16 02:02:11.xml

Writing to: webXml2017-11-16 02:17:02.xml now...
Done writing to webXml2017-11-16 02:17:02.xml

Writing to: webXml2017-11-16 02:32:04.xml now...
Done writing to webXml2017-11-16 02:32:04.xml

Writing to: webXml2017-11-16 02:47:08.xml now...
Done writing to webXml2017-11-16 02:47:08.xml

Writing to: webXml2017-11-16 03:02:09.xml now...
Done writing to webXml2017-11-16 03:02:09.xml

Writing to: webXml2017-11-16 03:17:11.xml now...
Done writing to webXml2017-11-16 03:17:11.xml

Writing to: webXml2017-11-16 03:32:07.xml now...
Done writing to webXml2017-11-16 03:32:07.xml

Writing to: webXml2017-11-16 03:47:10.xml now...
Done writing to webXml2017-11-16 03:47:10.xml

Writing to: webXml2017-11-16 04:02:12.xml now...
Done writing to webXml2017-11-16 04:02:12.xml

Writing to: webXml2017-11-16 04:17:04.xml now...
Done writing to webXml2017-11-16 04:17:04.xml

Writing to: webXml2017-11-16 04:32:05.xml now...
Done writing to webXml2017-11-16 04:32:05.xml

Writing to: webXml2017-11-16 04:47:08.xml now...
Done writing to webXml2017-11-16 04:47:08.xml

Writing to: webXml2017-11-16 05:02:09.xml now...
Done writing to webXml2017-11-16 05:02:09.xml

Writing to: webXml2017-11-16 05:17:04.xml now...
Done writing to webXml2017-11-16 05:17:04.xml

Writing to: webXml2017-11-16 05:32:06.xml now...
Done writing to webXml2017-11-16 05:32:06.xml

Writing to: webXml2017-11-16 05:47:08.xml now...
Done writing to webXml2017-11-16 05:47:08.xml

Writing to: webXml2017-11-16 06:02:10.xml now...
Done writing to webXml2017-11-16 06:02:10.xml

Writing to: webXml2017-11-16 06:17:03.xml now...
Done writing to webXml2017-11-16 06:17:03.xml

Writing to: webXml2017-11-16 06:32:06.xml now...
Done writing to webXml2017-11-16 06:32:06.xml

Writing to: webXml2017-11-16 06:47:07.xml now...
Done writing to webXml2017-11-16 06:47:07.xml

Writing to: webXml2017-11-16 07:02:10.xml now...
Done writing to webXml2017-11-16 07:02:10.xml

Writing to: webXml2017-11-16 07:17:03.xml now...
Done writing to webXml2017-11-16 07:17:03.xml

Writing to: webXml2017-11-16 07:32:07.xml now...
Done writing to webXml2017-11-16 07:32:07.xml

Writing to: webXml2017-11-16 07:47:08.xml now...
Done writing to webXml2017-11-16 07:47:08.xml

Writing to: webXml2017-11-16 08:02:10.xml now...
Done writing to webXml2017-11-16 08:02:10.xml

Writing to: webXml2017-11-16 08:17:04.xml now...
Done writing to webXml2017-11-16 08:17:04.xml

Writing to: webXml2017-11-16 08:32:03.xml now...
Done writing to webXml2017-11-16 08:32:03.xml

Writing to: webXml2017-11-16 08:47:05.xml now...
Done writing to webXml2017-11-16 08:47:05.xml

Writing to: webXml2017-11-16 09:02:06.xml now...
Done writing to webXml2017-11-16 09:02:06.xml

Writing to: webXml2017-11-16 09:17:09.xml now...
Done writing to webXml2017-11-16 09:17:09.xml

Writing to: webXml2017-11-16 09:32:03.xml now...
Done writing to webXml2017-11-16 09:32:03.xml

Writing to: webXml2017-11-16 09:47:07.xml now...
Done writing to webXml2017-11-16 09:47:07.xml

Writing to: webXml2017-11-16 10:02:07.xml now...
Done writing to webXml2017-11-16 10:02:07.xml

Writing to: webXml2017-11-16 10:17:06.xml now...
Done writing to webXml2017-11-16 10:17:06.xml

Writing to: webXml2017-11-16 10:32:08.xml now...
Done writing to webXml2017-11-16 10:32:08.xml

Writing to: webXml2017-11-16 10:47:04.xml now...
Done writing to webXml2017-11-16 10:47:04.xml

Writing to: webXml2017-11-16 11:02:06.xml now...
Done writing to webXml2017-11-16 11:02:06.xml

Writing to: webXml2017-11-16 11:17:11.xml now...
Done writing to webXml2017-11-16 11:17:11.xml

Writing to: webXml2017-11-16 11:32:04.xml now...
Done writing to webXml2017-11-16 11:32:04.xml

Writing to: webXml2017-11-16 11:47:05.xml now...
Done writing to webXml2017-11-16 11:47:05.xml

Writing to: webXml2017-11-16 12:02:10.xml now...
Done writing to webXml2017-11-16 12:02:10.xml

Writing to: webXml2017-11-16 12:17:02.xml now...
Done writing to webXml2017-11-16 12:17:02.xml

Writing to: webXml2017-11-16 12:32:04.xml now...
Done writing to webXml2017-11-16 12:32:04.xml

Writing to: webXml2017-11-16 12:47:06.xml now...
Done writing to webXml2017-11-16 12:47:06.xml

Writing to: webXml2017-11-16 13:02:07.xml now...
Done writing to webXml2017-11-16 13:02:07.xml

Writing to: webXml2017-11-16 13:17:12.xml now...
Done writing to webXml2017-11-16 13:17:12.xml

Writing to: webXml2017-11-16 13:32:04.xml now...
Done writing to webXml2017-11-16 13:32:04.xml

Writing to: webXml2017-11-16 13:47:04.xml now...
Done writing to webXml2017-11-16 13:47:04.xml

Writing to: webXml2017-11-16 14:02:06.xml now...
Done writing to webXml2017-11-16 14:02:06.xml

Writing to: webXml2017-11-16 14:17:10.xml now...
Done writing to webXml2017-11-16 14:17:10.xml

Writing to: webXml2017-11-16 14:32:03.xml now...
Done writing to webXml2017-11-16 14:32:03.xml

Writing to: webXml2017-11-16 14:47:07.xml now...
Done writing to webXml2017-11-16 14:47:07.xml

Writing to: webXml2017-11-16 15:02:06.xml now...
Done writing to webXml2017-11-16 15:02:06.xml

Writing to: webXml2017-11-16 15:17:03.xml now...
Done writing to webXml2017-11-16 15:17:03.xml

Writing to: webXml2017-11-16 15:32:08.xml now...
Done writing to webXml2017-11-16 15:32:08.xml

Writing to: webXml2017-11-16 15:47:02.xml now...
Done writing to webXml2017-11-16 15:47:02.xml

Writing to: webXml2017-11-16 16:02:08.xml now...
Done writing to webXml2017-11-16 16:02:08.xml

Writing to: webXml2017-11-16 16:17:09.xml now...
Done writing to webXml2017-11-16 16:17:09.xml

Writing to: webXml2017-11-16 16:32:06.xml now...
Done writing to webXml2017-11-16 16:32:06.xml

Writing to: webXml2017-11-16 16:47:08.xml now...
Done writing to webXml2017-11-16 16:47:08.xml

Writing to: webXml2017-11-16 17:02:11.xml now...
Done writing to webXml2017-11-16 17:02:11.xml

Writing to: webXml2017-11-16 17:17:05.xml now...
Done writing to webXml2017-11-16 17:17:05.xml

Writing to: webXml2017-11-16 17:32:09.xml now...
Done writing to webXml2017-11-16 17:32:09.xml

Writing to: webXml2017-11-16 17:47:05.xml now...
Done writing to webXml2017-11-16 17:47:05.xml

Writing to: webXml2017-11-16 18:02:06.xml now...
Done writing to webXml2017-11-16 18:02:06.xml

Writing to: webXml2017-11-16 18:17:08.xml now...
Done writing to webXml2017-11-16 18:17:08.xml

Writing to: webXml2017-11-16 18:32:09.xml now...
Done writing to webXml2017-11-16 18:32:09.xml

Writing to: webXml2017-11-16 18:47:04.xml now...
Done writing to webXml2017-11-16 18:47:04.xml

Writing to: webXml2017-11-16 19:02:05.xml now...
Done writing to webXml2017-11-16 19:02:05.xml

Writing to: webXml2017-11-16 19:17:05.xml now...
Done writing to webXml2017-11-16 19:17:05.xml

Writing to: webXml2017-11-16 19:32:08.xml now...
Done writing to webXml2017-11-16 19:32:08.xml

Writing to: webXml2017-11-16 19:47:08.xml now...
Done writing to webXml2017-11-16 19:47:08.xml

Writing to: webXml2017-11-16 20:02:11.xml now...
Done writing to webXml2017-11-16 20:02:11.xml

Writing to: webXml2017-11-16 20:17:04.xml now...
Done writing to webXml2017-11-16 20:17:04.xml

Writing to: webXml2017-11-16 20:32:06.xml now...
Done writing to webXml2017-11-16 20:32:06.xml

Writing to: webXml2017-11-16 20:47:06.xml now...
Done writing to webXml2017-11-16 20:47:06.xml

Writing to: webXml2017-11-16 21:02:07.xml now...
Done writing to webXml2017-11-16 21:02:07.xml

Writing to: webXml2017-11-16 21:17:07.xml now...
Done writing to webXml2017-11-16 21:17:07.xml

Writing to: webXml2017-11-16 21:32:02.xml now...
Done writing to webXml2017-11-16 21:32:02.xml

Writing to: webXml2017-11-16 21:47:03.xml now...
Done writing to webXml2017-11-16 21:47:03.xml

Writing to: webXml2017-11-16 22:02:08.xml now...
Done writing to webXml2017-11-16 22:02:08.xml

Writing to: webXml2017-11-16 22:17:04.xml now...
Done writing to webXml2017-11-16 22:17:04.xml

Writing to: webXml2017-11-16 22:32:05.xml now...
Done writing to webXml2017-11-16 22:32:05.xml

Writing to: webXml2017-11-16 22:47:03.xml now...
Done writing to webXml2017-11-16 22:47:03.xml

Writing to: webXml2017-11-16 23:02:03.xml now...
Done writing to webXml2017-11-16 23:02:03.xml

Writing to: webXml2017-11-16 23:17:09.xml now...
Done writing to webXml2017-11-16 23:17:09.xml

Writing to: webXml2017-11-16 23:32:02.xml now...
Done writing to webXml2017-11-16 23:32:02.xml

Writing to: webXml2017-11-16 23:47:04.xml now...
Done writing to webXml2017-11-16 23:47:04.xml

Writing to: webXml2017-11-17 00:02:04.xml now...
Done writing to webXml2017-11-17 00:02:04.xml

Writing to: webXml2017-11-17 00:17:05.xml now...
Done writing to webXml2017-11-17 00:17:05.xml

Writing to: webXml2017-11-17 00:32:06.xml now...
Done writing to webXml2017-11-17 00:32:06.xml

Writing to: webXml2017-11-17 00:47:10.xml now...
Done writing to webXml2017-11-17 00:47:10.xml

Writing to: webXml2017-11-17 01:02:02.xml now...
Done writing to webXml2017-11-17 01:02:02.xml

Writing to: webXml2017-11-17 01:17:03.xml now...
Done writing to webXml2017-11-17 01:17:03.xml

Writing to: webXml2017-11-17 01:32:09.xml now...
Done writing to webXml2017-11-17 01:32:09.xml

Writing to: webXml2017-11-17 01:47:10.xml now...
Done writing to webXml2017-11-17 01:47:10.xml

Writing to: webXml2017-11-17 02:02:12.xml now...
Done writing to webXml2017-11-17 02:02:12.xml

Writing to: webXml2017-11-17 02:17:03.xml now...
Done writing to webXml2017-11-17 02:17:03.xml

Writing to: webXml2017-11-17 02:32:05.xml now...
Done writing to webXml2017-11-17 02:32:05.xml

Writing to: webXml2017-11-17 02:47:07.xml now...
Done writing to webXml2017-11-17 02:47:07.xml

Writing to: webXml2017-11-17 03:02:08.xml now...
Done writing to webXml2017-11-17 03:02:08.xml

Writing to: webXml2017-11-17 03:17:10.xml now...
Done writing to webXml2017-11-17 03:17:10.xml

Writing to: webXml2017-11-17 03:32:07.xml now...
Done writing to webXml2017-11-17 03:32:07.xml

Writing to: webXml2017-11-17 03:47:08.xml now...
Done writing to webXml2017-11-17 03:47:08.xml

Writing to: webXml2017-11-17 04:02:10.xml now...
Done writing to webXml2017-11-17 04:02:10.xml

Writing to: webXml2017-11-17 04:17:11.xml now...
Done writing to webXml2017-11-17 04:17:11.xml

Writing to: webXml2017-11-17 04:32:04.xml now...
Done writing to webXml2017-11-17 04:32:04.xml

Writing to: webXml2017-11-17 04:47:06.xml now...
Done writing to webXml2017-11-17 04:47:06.xml

Writing to: webXml2017-11-17 05:02:07.xml now...
Done writing to webXml2017-11-17 05:02:07.xml

Writing to: webXml2017-11-17 05:17:09.xml now...
Done writing to webXml2017-11-17 05:17:09.xml

Writing to: webXml2017-11-17 05:32:10.xml now...
Done writing to webXml2017-11-17 05:32:10.xml

Writing to: webXml2017-11-17 05:47:02.xml now...
Done writing to webXml2017-11-17 05:47:02.xml

Writing to: webXml2017-11-17 06:02:03.xml now...
Done writing to webXml2017-11-17 06:02:03.xml

Writing to: webXml2017-11-17 06:17:05.xml now...
Done writing to webXml2017-11-17 06:17:05.xml

Writing to: webXml2017-11-17 06:32:09.xml now...
Done writing to webXml2017-11-17 06:32:09.xml

Writing to: webXml2017-11-17 06:47:10.xml now...
Done writing to webXml2017-11-17 06:47:10.xml

Writing to: webXml2017-11-17 07:02:02.xml now...
Done writing to webXml2017-11-17 07:02:02.xml

Writing to: webXml2017-11-17 07:17:05.xml now...
Done writing to webXml2017-11-17 07:17:05.xml

Writing to: webXml2017-11-17 07:32:11.xml now...
Done writing to webXml2017-11-17 07:32:11.xml

Writing to: webXml2017-11-17 07:47:03.xml now...
Done writing to webXml2017-11-17 07:47:03.xml

Writing to: webXml2017-11-17 08:02:04.xml now...
Done writing to webXml2017-11-17 08:02:04.xml

Writing to: webXml2017-11-17 08:17:06.xml now...
Done writing to webXml2017-11-17 08:17:06.xml

Writing to: webXml2017-11-17 08:32:02.xml now...
Done writing to webXml2017-11-17 08:32:02.xml

Writing to: webXml2017-11-17 08:47:04.xml now...
Done writing to webXml2017-11-17 08:47:04.xml

Writing to: webXml2017-11-17 09:02:05.xml now...
Done writing to webXml2017-11-17 09:02:05.xml

Writing to: webXml2017-11-17 09:17:07.xml now...
Done writing to webXml2017-11-17 09:17:07.xml

Writing to: webXml2017-11-17 09:32:10.xml now...
Done writing to webXml2017-11-17 09:32:10.xml

Writing to: webXml2017-11-17 09:47:02.xml now...
Done writing to webXml2017-11-17 09:47:02.xml

Writing to: webXml2017-11-17 10:02:04.xml now...
Done writing to webXml2017-11-17 10:02:04.xml

Writing to: webXml2017-11-17 10:17:06.xml now...
Done writing to webXml2017-11-17 10:17:06.xml

Writing to: webXml2017-11-17 10:32:07.xml now...
Done writing to webXml2017-11-17 10:32:07.xml

Writing to: webXml2017-11-17 10:47:03.xml now...
Done writing to webXml2017-11-17 10:47:03.xml

Writing to: webXml2017-11-17 11:02:05.xml now...
Done writing to webXml2017-11-17 11:02:05.xml

Writing to: webXml2017-11-17 11:17:07.xml now...
Done writing to webXml2017-11-17 11:17:07.xml

Writing to: webXml2017-11-17 11:32:08.xml now...
Done writing to webXml2017-11-17 11:32:08.xml

Writing to: webXml2017-11-17 11:47:11.xml now...
Done writing to webXml2017-11-17 11:47:11.xml

Writing to: webXml2017-11-17 12:02:03.xml now...
Done writing to webXml2017-11-17 12:02:03.xml

Writing to: webXml2017-11-17 12:17:04.xml now...
Done writing to webXml2017-11-17 12:17:04.xml

Writing to: webXml2017-11-17 12:32:07.xml now...
Done writing to webXml2017-11-17 12:32:07.xml

Writing to: webXml2017-11-17 12:47:10.xml now...
Done writing to webXml2017-11-17 12:47:10.xml

Writing to: webXml2017-11-17 13:02:12.xml now...
Done writing to webXml2017-11-17 13:02:12.xml

Writing to: webXml2017-11-17 13:17:04.xml now...
Done writing to webXml2017-11-17 13:17:04.xml

Writing to: webXml2017-11-17 13:32:05.xml now...
Done writing to webXml2017-11-17 13:32:05.xml

Writing to: webXml2017-11-17 13:47:09.xml now...
Done writing to webXml2017-11-17 13:47:09.xml

Writing to: webXml2017-11-17 14:02:11.xml now...
Done writing to webXml2017-11-17 14:02:11.xml

Writing to: webXml2017-11-17 14:17:05.xml now...
Done writing to webXml2017-11-17 14:17:05.xml

Writing to: webXml2017-11-17 14:32:09.xml now...
Done writing to webXml2017-11-17 14:32:09.xml

Writing to: webXml2017-11-17 14:47:11.xml now...
Done writing to webXml2017-11-17 14:47:11.xml

Writing to: webXml2017-11-17 15:02:03.xml now...
Done writing to webXml2017-11-17 15:02:03.xml

Writing to: webXml2017-11-17 15:17:08.xml now...
Done writing to webXml2017-11-17 15:17:08.xml

Writing to: webXml2017-11-17 15:32:08.xml now...
Done writing to webXml2017-11-17 15:32:08.xml

Writing to: webXml2017-11-17 15:47:02.xml now...
Done writing to webXml2017-11-17 15:47:02.xml

Writing to: webXml2017-11-17 16:02:05.xml now...
Done writing to webXml2017-11-17 16:02:05.xml

Writing to: webXml2017-11-17 16:17:05.xml now...
Done writing to webXml2017-11-17 16:17:05.xml

Writing to: webXml2017-11-17 16:32:04.xml now...
Done writing to webXml2017-11-17 16:32:04.xml

Writing to: webXml2017-11-17 16:47:05.xml now...
Done writing to webXml2017-11-17 16:47:05.xml

Writing to: webXml2017-11-17 17:02:06.xml now...
Done writing to webXml2017-11-17 17:02:06.xml

Writing to: webXml2017-11-17 17:17:11.xml now...
Done writing to webXml2017-11-17 17:17:11.xml

Writing to: webXml2017-11-17 17:32:04.xml now...
Done writing to webXml2017-11-17 17:32:04.xml

Writing to: webXml2017-11-17 17:47:07.xml now...
Done writing to webXml2017-11-17 17:47:07.xml

Writing to: webXml2017-11-17 18:02:09.xml now...
Done writing to webXml2017-11-17 18:02:09.xml

Writing to: webXml2017-11-17 18:17:10.xml now...
Done writing to webXml2017-11-17 18:17:10.xml

Writing to: webXml2017-11-17 18:32:12.xml now...
Done writing to webXml2017-11-17 18:32:12.xml

Writing to: webXml2017-11-17 18:47:09.xml now...
Done writing to webXml2017-11-17 18:47:09.xml

Writing to: webXml2017-11-17 19:02:10.xml now...
Done writing to webXml2017-11-17 19:02:10.xml

Writing to: webXml2017-11-17 19:17:12.xml now...
Done writing to webXml2017-11-17 19:17:12.xml

Writing to: webXml2017-11-17 19:32:04.xml now...
Done writing to webXml2017-11-17 19:32:04.xml

Writing to: webXml2017-11-17 19:47:06.xml now...
Done writing to webXml2017-11-17 19:47:06.xml

Writing to: webXml2017-11-17 20:02:07.xml now...
Done writing to webXml2017-11-17 20:02:07.xml

Writing to: webXml2017-11-17 20:17:10.xml now...
Done writing to webXml2017-11-17 20:17:10.xml

Writing to: webXml2017-11-17 20:32:11.xml now...
Done writing to webXml2017-11-17 20:32:11.xml

Writing to: webXml2017-11-17 20:47:03.xml now...
Done writing to webXml2017-11-17 20:47:03.xml

Writing to: webXml2017-11-17 21:02:06.xml now...
Done writing to webXml2017-11-17 21:02:06.xml

Writing to: webXml2017-11-17 21:17:07.xml now...
Done writing to webXml2017-11-17 21:17:07.xml

Writing to: webXml2017-11-17 21:32:09.xml now...
Done writing to webXml2017-11-17 21:32:09.xml

Writing to: webXml2017-11-17 21:47:11.xml now...
Done writing to webXml2017-11-17 21:47:11.xml

Writing to: webXml2017-11-17 22:02:02.xml now...
Done writing to webXml2017-11-17 22:02:02.xml

Writing to: webXml2017-11-17 22:17:05.xml now...
Done writing to webXml2017-11-17 22:17:05.xml

Writing to: webXml2017-11-17 22:32:06.xml now...
Done writing to webXml2017-11-17 22:32:06.xml

Writing to: webXml2017-11-17 22:47:09.xml now...
Done writing to webXml2017-11-17 22:47:09.xml

Writing to: webXml2017-11-17 23:02:10.xml now...
Done writing to webXml2017-11-17 23:02:10.xml

Writing to: webXml2017-11-17 23:17:03.xml now...
Done writing to webXml2017-11-17 23:17:03.xml

Writing to: webXml2017-11-17 23:32:04.xml now...
Done writing to webXml2017-11-17 23:32:04.xml

Writing to: webXml2017-11-17 23:47:06.xml now...
Done writing to webXml2017-11-17 23:47:06.xml

Writing to: webXml2017-11-18 00:02:08.xml now...
Done writing to webXml2017-11-18 00:02:08.xml

Writing to: webXml2017-11-18 00:17:02.xml now...
Done writing to webXml2017-11-18 00:17:02.xml

Writing to: webXml2017-11-18 00:32:07.xml now...
Done writing to webXml2017-11-18 00:32:07.xml

Writing to: webXml2017-11-18 00:47:08.xml now...
Done writing to webXml2017-11-18 00:47:08.xml

Writing to: webXml2017-11-18 01:02:10.xml now...
Done writing to webXml2017-11-18 01:02:10.xml

Writing to: webXml2017-11-18 01:17:11.xml now...
Done writing to webXml2017-11-18 01:17:11.xml

Writing to: webXml2017-11-18 01:32:03.xml now...
Done writing to webXml2017-11-18 01:32:03.xml

Writing to: webXml2017-11-18 01:47:05.xml now...
Done writing to webXml2017-11-18 01:47:05.xml

Writing to: webXml2017-11-18 02:02:06.xml now...
Done writing to webXml2017-11-18 02:02:06.xml

Writing to: webXml2017-11-18 02:17:09.xml now...
Done writing to webXml2017-11-18 02:17:09.xml

Writing to: webXml2017-11-18 02:32:11.xml now...
Done writing to webXml2017-11-18 02:32:11.xml

Writing to: webXml2017-11-18 02:47:02.xml now...
Done writing to webXml2017-11-18 02:47:02.xml

Writing to: webXml2017-11-18 03:02:04.xml now...
Done writing to webXml2017-11-18 03:02:04.xml

Writing to: webXml2017-11-18 03:17:02.xml now...
Done writing to webXml2017-11-18 03:17:02.xml

Writing to: webXml2017-11-18 03:32:04.xml now...
Done writing to webXml2017-11-18 03:32:04.xml

Writing to: webXml2017-11-18 03:47:05.xml now...
Done writing to webXml2017-11-18 03:47:05.xml

Writing to: webXml2017-11-18 04:02:07.xml now...
Done writing to webXml2017-11-18 04:02:07.xml

Writing to: webXml2017-11-18 04:17:08.xml now...
Done writing to webXml2017-11-18 04:17:08.xml

Writing to: webXml2017-11-18 04:32:03.xml now...
Done writing to webXml2017-11-18 04:32:03.xml

Writing to: webXml2017-11-18 04:47:04.xml now...
Done writing to webXml2017-11-18 04:47:04.xml

Writing to: webXml2017-11-18 05:02:05.xml now...
Done writing to webXml2017-11-18 05:02:05.xml

Writing to: webXml2017-11-18 05:17:09.xml now...
Done writing to webXml2017-11-18 05:17:09.xml

Writing to: webXml2017-11-18 05:32:03.xml now...
Done writing to webXml2017-11-18 05:32:03.xml

Writing to: webXml2017-11-18 05:47:05.xml now...
Done writing to webXml2017-11-18 05:47:05.xml

Writing to: webXml2017-11-18 06:02:07.xml now...
Done writing to webXml2017-11-18 06:02:07.xml

Writing to: webXml2017-11-18 06:17:08.xml now...
Done writing to webXml2017-11-18 06:17:08.xml

Writing to: webXml2017-11-18 06:32:11.xml now...
Done writing to webXml2017-11-18 06:32:11.xml

Writing to: webXml2017-11-18 06:47:02.xml now...
Done writing to webXml2017-11-18 06:47:02.xml

Writing to: webXml2017-11-18 07:02:04.xml now...
Done writing to webXml2017-11-18 07:02:04.xml

Writing to: webXml2017-11-18 07:17:05.xml now...
Done writing to webXml2017-11-18 07:17:05.xml

Writing t